<?xml version="1.0" encoding="UTF-8"?>
<!-- Generated by org.testng.reporters.JUnitReportReporter -->
<testsuite skipped="0" hostname="Imran-PC" name="com.amazon.qa.testcases.LoginPageTest" tests="2" failures="0" timestamp="05 Sep 2018 02:23:19 GMT" time="35.842" errors="0">
  <testcase name="testLoginPageTitle" time="13.936" classname="com.amazon.qa.testcases.LoginPageTest"/>
  <testcase name="testLogin" time="21.906" classname="com.amazon.qa.testcases.LoginPageTest"/>
</testsuite> <!-- com.amazon.qa.testcases.LoginPageTest -->
