<?xml version="1.0" encoding="UTF-8"?>
<!-- Generated by org.testng.reporters.JUnitReportReporter -->
<testsuite skipped="0" hostname="QA-Imran" name="com.amazon.qa.testcases.LoginPageTest" tests="1" failures="0" timestamp="06 Sep 2018 07:56:20 GMT" time="14.931" errors="0">
  <testcase name="testLoginPageTitle" time="14.931" classname="com.amazon.qa.testcases.LoginPageTest"/>
</testsuite> <!-- com.amazon.qa.testcases.LoginPageTest -->
