<?xml version="1.0" encoding="UTF-8"?>
<!-- Generated by org.testng.reporters.JUnitReportReporter -->
<testsuite skipped="0" hostname="QA-Imran" name="com.amazon.qa.testcases.LandingPageTest" tests="2" failures="0" timestamp="30 Aug 2018 10:15:48 GMT" time="24.156" errors="0">
  <testcase name="testNavigationToLoginPage" time="12.668" classname="com.amazon.qa.testcases.LandingPageTest"/>
  <testcase name="testLandingPageTitle" time="11.488" classname="com.amazon.qa.testcases.LandingPageTest"/>
</testsuite> <!-- com.amazon.qa.testcases.LandingPageTest -->
