<?xml version="1.0" encoding="UTF-8"?>
<!-- Generated by org.testng.reporters.JUnitReportReporter -->
<testsuite skipped="0" hostname="QA-Imran" name="com.amazon.qa.testcases.SearchResultsPageTest" tests="2" failures="0" timestamp="03 Sep 2018 11:47:25 GMT" time="137.545" errors="0">
  <testcase name="testSortResultsByLowToHighPrice" time="62.432" classname="com.amazon.qa.testcases.SearchResultsPageTest"/>
  <testcase name="testSearchResultsBreadcrumb" time="75.113" classname="com.amazon.qa.testcases.SearchResultsPageTest"/>
</testsuite> <!-- com.amazon.qa.testcases.SearchResultsPageTest -->
