<?xml version="1.0" encoding="UTF-8"?>
<!-- Generated by org.testng.reporters.JUnitReportReporter -->
<testsuite skipped="0" hostname="QA-Imran" name="com.amazon.qa.testcases.LoginPageTest" tests="2" failures="0" timestamp="03 Sep 2018 11:47:25 GMT" time="104.255" errors="0">
  <testcase name="testLogin" time="67.408" classname="com.amazon.qa.testcases.LoginPageTest"/>
  <testcase name="testLoginPageTitle" time="36.847" classname="com.amazon.qa.testcases.LoginPageTest"/>
</testsuite> <!-- com.amazon.qa.testcases.LoginPageTest -->
