<?xml version="1.0" encoding="UTF-8"?>
<!-- Generated by org.testng.reporters.JUnitReportReporter -->
<<<<<<< HEAD
<testsuite skipped="0" hostname="Imran-PC" name="com.amazon.qa.testcases.LoginPageTest" tests="2" failures="0" timestamp="05 Sep 2018 02:23:19 GMT" time="35.842" errors="0">
  <testcase name="testLoginPageTitle" time="13.936" classname="com.amazon.qa.testcases.LoginPageTest"/>
  <testcase name="testLogin" time="21.906" classname="com.amazon.qa.testcases.LoginPageTest"/>
=======
<testsuite skipped="0" hostname="QA-Imran" name="com.amazon.qa.testcases.LoginPageTest" tests="2" failures="0" timestamp="03 Sep 2018 11:47:25 GMT" time="104.255" errors="0">
  <testcase name="testLogin" time="67.408" classname="com.amazon.qa.testcases.LoginPageTest"/>
  <testcase name="testLoginPageTitle" time="36.847" classname="com.amazon.qa.testcases.LoginPageTest"/>
>>>>>>> e5cc52cab0718534fa359c5e77c3160eb8e18768
</testsuite> <!-- com.amazon.qa.testcases.LoginPageTest -->
