<?xml version="1.0" encoding="UTF-8"?>
<!-- Generated by org.testng.reporters.JUnitReportReporter -->
<testsuite skipped="0" hostname="Imran-PC" name="com.amazon.qa.testcases.LandingPageTest" tests="2" failures="0" timestamp="31 Aug 2018 04:00:31 GMT" time="44.065" errors="0">
  <testcase name="testLandingPageTitle" time="17.270" classname="com.amazon.qa.testcases.LandingPageTest"/>
  <testcase name="testNavigationToLoginPage" time="26.795" classname="com.amazon.qa.testcases.LandingPageTest"/>
</testsuite> <!-- com.amazon.qa.testcases.LandingPageTest -->
