<?xml version="1.0" encoding="UTF-8"?>
<!-- Generated by org.testng.reporters.JUnitReportReporter -->
<testsuite skipped="0" hostname="QA-Imran" name="com.amazon.qa.testcases.SearchResultsPageTest" tests="5" failures="0" timestamp="06 Sep 2018 07:33:55 GMT" time="165.939" errors="0">
  <testcase name="testSearchResultsBreadcrumb" time="22.219" classname="com.amazon.qa.testcases.SearchResultsPageTest"/>
  <testcase name="testSortResultsByLowToHighPrice" time="29.767" classname="com.amazon.qa.testcases.SearchResultsPageTest"/>
  <testcase name="testSearchFeature" time="40.555" classname="com.amazon.qa.testcases.SearchResultsPageTest"/>
  <testcase name="testSearchFeature" time="22.485" classname="com.amazon.qa.testcases.SearchResultsPageTest"/>
  <testcase name="testSearchFeature" time="50.913" classname="com.amazon.qa.testcases.SearchResultsPageTest"/>
</testsuite> <!-- com.amazon.qa.testcases.SearchResultsPageTest -->
