<?xml version="1.0" encoding="UTF-8"?>
<!-- Generated by org.testng.reporters.JUnitReportReporter -->
<testsuite skipped="0" hostname="QA-Imran" name="com.amazon.qa.testcases.LandingPageTest" tests="2" failures="0" timestamp="06 Sep 2018 07:33:55 GMT" time="51.315" errors="0">
  <testcase name="testLandingPageTitle" time="17.020" classname="com.amazon.qa.testcases.LandingPageTest"/>
  <testcase name="testNavigationToLoginPage" time="34.295" classname="com.amazon.qa.testcases.LandingPageTest"/>
</testsuite> <!-- com.amazon.qa.testcases.LandingPageTest -->
