<?xml version="1.0" encoding="UTF-8"?>
<!-- Generated by org.testng.reporters.JUnitReportReporter -->
<testsuite skipped="0" hostname="Imran-PC" name="com.amazon.qa.testcases.LoginPageTest" tests="2" failures="0" timestamp="31 Aug 2018 04:00:31 GMT" time="59.738" errors="0">
  <testcase name="testLogin" time="31.908" classname="com.amazon.qa.testcases.LoginPageTest"/>
  <testcase name="testLoginPageTitle" time="27.830" classname="com.amazon.qa.testcases.LoginPageTest"/>
</testsuite> <!-- com.amazon.qa.testcases.LoginPageTest -->
