<?xml version="1.0" encoding="UTF-8"?>
<!-- Generated by org.testng.reporters.JUnitReportReporter -->
<testsuite skipped="0" hostname="QA-Imran" name="com.amazon.qa.testcases.SearchResultsPageTest" tests="1" failures="0" timestamp="05 Sep 2018 09:57:40 GMT" time="26.816" errors="0">
  <testcase name="testSearchResultsBreadcrumb" time="26.816" classname="com.amazon.qa.testcases.SearchResultsPageTest"/>
</testsuite> <!-- com.amazon.qa.testcases.SearchResultsPageTest -->
