<?xml version="1.0" encoding="UTF-8"?>
<!-- Generated by org.testng.reporters.JUnitReportReporter -->
<<<<<<< HEAD
<testsuite skipped="0" hostname="Imran-PC" name="com.amazon.qa.testcases.LandingPageTest" tests="2" failures="0" timestamp="05 Sep 2018 02:23:19 GMT" time="32.754" errors="0">
  <testcase name="testLandingPageTitle" time="14.344" classname="com.amazon.qa.testcases.LandingPageTest"/>
  <testcase name="testNavigationToLoginPage" time="18.410" classname="com.amazon.qa.testcases.LandingPageTest"/>
=======
<testsuite skipped="0" hostname="QA-Imran" name="com.amazon.qa.testcases.LandingPageTest" tests="2" failures="0" timestamp="03 Sep 2018 11:47:25 GMT" time="98.084" errors="0">
  <testcase name="testLandingPageTitle" time="46.411" classname="com.amazon.qa.testcases.LandingPageTest"/>
  <testcase name="testNavigationToLoginPage" time="51.673" classname="com.amazon.qa.testcases.LandingPageTest"/>
>>>>>>> e5cc52cab0718534fa359c5e77c3160eb8e18768
</testsuite> <!-- com.amazon.qa.testcases.LandingPageTest -->
